Array
(
    [id_list] => Array
        (
            [237] => Array
                (
                    [id] => 237
                )

            [238] => Array
                (
                    [id] => 238
                )

            [239] => Array
                (
                    [id] => 239
                )

            [240] => Array
                (
                    [id] => 240
                )

            [241] => Array
                (
                    [id] => 241
                )

        )

)

